0 info it worked if it ends with ok
1 verbose cli [ 'C:\\Program Files\\nodejs\\node.exe',
1 verbose cli   'C:\\Program Files\\nodejs\\node_modules\\npm\\bin\\npm-cli.js',
1 verbose cli   'install',
1 verbose cli   'passport_config',
1 verbose cli   '--save' ]
2 info using npm@2.14.12
3 info using node@v4.2.6
4 verbose install initial load of C:\didimdol\nodejs_projects\webstorm\shoppingmall\package.json
5 verbose installManyTop reading scoped package data from C:\didimdol\nodejs_projects\webstorm\shoppingmall\node_modules\async\package.json
6 verbose installManyTop reading scoped package data from C:\didimdol\nodejs_projects\webstorm\shoppingmall\node_modules\bcrypt\package.json
7 verbose installManyTop reading scoped package data from C:\didimdol\nodejs_projects\webstorm\shoppingmall\node_modules\body-parser\package.json
8 verbose installManyTop reading scoped package data from C:\didimdol\nodejs_projects\webstorm\shoppingmall\node_modules\cookie-parser\package.json
9 verbose installManyTop reading scoped package data from C:\didimdol\nodejs_projects\webstorm\shoppingmall\node_modules\debug\package.json
10 verbose installManyTop reading scoped package data from C:\didimdol\nodejs_projects\webstorm\shoppingmall\node_modules\express\package.json
11 verbose installManyTop reading scoped package data from C:\didimdol\nodejs_projects\webstorm\shoppingmall\node_modules\express-session\package.json
12 verbose installManyTop reading scoped package data from C:\didimdol\nodejs_projects\webstorm\shoppingmall\node_modules\jade\package.json
13 verbose installManyTop reading scoped package data from C:\didimdol\nodejs_projects\webstorm\shoppingmall\node_modules\morgan\package.json
14 verbose installManyTop reading scoped package data from C:\didimdol\nodejs_projects\webstorm\shoppingmall\node_modules\mysql\package.json
15 verbose installManyTop reading scoped package data from C:\didimdol\nodejs_projects\webstorm\shoppingmall\node_modules\passport\package.json
16 verbose installManyTop reading scoped package data from C:\didimdol\nodejs_projects\webstorm\shoppingmall\node_modules\passport-local\package.json
17 verbose installManyTop reading scoped package data from C:\didimdol\nodejs_projects\webstorm\shoppingmall\node_modules\serve-favicon\package.json
18 info package.json passport-local@1.0.0 No license field.
19 verbose readDependencies loading dependencies from C:\didimdol\nodejs_projects\webstorm\shoppingmall\package.json
20 silly cache add args [ 'passport_config', null ]
21 verbose cache add spec passport_config
22 silly cache add parsed spec Result {
22 silly cache add   raw: 'passport_config',
22 silly cache add   scope: null,
22 silly cache add   name: 'passport_config',
22 silly cache add   rawSpec: '',
22 silly cache add   spec: 'latest',
22 silly cache add   type: 'tag' }
23 silly addNamed passport_config@latest
24 verbose addNamed "latest" is being treated as a dist-tag for passport_config
25 info addNameTag [ 'passport_config', 'latest' ]
26 silly mapToRegistry name passport_config
27 silly mapToRegistry using default registry
28 silly mapToRegistry registry https://registry.npmjs.org/
29 silly mapToRegistry uri https://registry.npmjs.org/passport_config
30 verbose addNameTag registry:https://registry.npmjs.org/passport_config not in flight; fetching
31 verbose request uri https://registry.npmjs.org/passport_config
32 verbose request no auth needed
33 info attempt registry request try #1 at 17:56:23
34 verbose request id 74536ffb2094b09b
35 http request GET https://registry.npmjs.org/passport_config
36 http 404 https://registry.npmjs.org/passport_config
37 verbose headers { 'content-type': 'application/json',
37 verbose headers   'cache-control': 'max-age=0',
37 verbose headers   'content-length': '2',
37 verbose headers   'accept-ranges': 'bytes',
37 verbose headers   date: 'Fri, 26 Feb 2016 08:56:21 GMT',
37 verbose headers   via: '1.1 varnish',
37 verbose headers   age: '0',
37 verbose headers   connection: 'keep-alive',
37 verbose headers   'x-served-by': 'cache-itm7423-ITM',
37 verbose headers   'x-cache': 'MISS',
37 verbose headers   'x-cache-hits': '0',
37 verbose headers   'x-timer': 'S1456476981.177736,VS0,VE547' }
38 silly get cb [ 404,
38 silly get   { 'content-type': 'application/json',
38 silly get     'cache-control': 'max-age=0',
38 silly get     'content-length': '2',
38 silly get     'accept-ranges': 'bytes',
38 silly get     date: 'Fri, 26 Feb 2016 08:56:21 GMT',
38 silly get     via: '1.1 varnish',
38 silly get     age: '0',
38 silly get     connection: 'keep-alive',
38 silly get     'x-served-by': 'cache-itm7423-ITM',
38 silly get     'x-cache': 'MISS',
38 silly get     'x-cache-hits': '0',
38 silly get     'x-timer': 'S1456476981.177736,VS0,VE547' } ]
39 verbose stack Error: Registry returned 404 for GET on https://registry.npmjs.org/passport_config
39 verbose stack     at makeError (C:\Program Files\nodejs\node_modules\npm\node_modules\npm-registry-client\lib\request.js:264:12)
39 verbose stack     at CachingRegistryClient.<anonymous> (C:\Program Files\nodejs\node_modules\npm\node_modules\npm-registry-client\lib\request.js:242:14)
39 verbose stack     at Request._callback (C:\Program Files\nodejs\node_modules\npm\node_modules\npm-registry-client\lib\request.js:172:14)
39 verbose stack     at Request.self.callback (C:\Program Files\nodejs\node_modules\npm\node_modules\request\request.js:198:22)
39 verbose stack     at emitTwo (events.js:87:13)
39 verbose stack     at Request.emit (events.js:172:7)
39 verbose stack     at Request.<anonymous> (C:\Program Files\nodejs\node_modules\npm\node_modules\request\request.js:1082:10)
39 verbose stack     at emitOne (events.js:82:20)
39 verbose stack     at Request.emit (events.js:169:7)
39 verbose stack     at IncomingMessage.<anonymous> (C:\Program Files\nodejs\node_modules\npm\node_modules\request\request.js:1009:12)
40 verbose statusCode 404
41 verbose pkgid passport_config
42 verbose cwd C:\didimdol\nodejs_projects\webstorm\shoppingmall
43 error Windows_NT 6.1.7601
44 error argv "C:\\Program Files\\nodejs\\node.exe" "C:\\Program Files\\nodejs\\node_modules\\npm\\bin\\npm-cli.js" "install" "passport_config" "--save"
45 error node v4.2.6
46 error npm  v2.14.12
47 error code E404
48 error 404 Registry returned 404 for GET on https://registry.npmjs.org/passport_config
48 error 404
48 error 404 'passport_config' is not in the npm registry.
48 error 404 You should bug the author to publish it (or use the name yourself!)
48 error 404 It was specified as a dependency of 'shoppingmall'
48 error 404
48 error 404 Note that you can also install from a
48 error 404 tarball, folder, http url, or git url.
49 verbose exit [ 1, true ]
